<?xml version="1.0" encoding="utf-8" standalone="no"?>
<test-results xmlns:xsi="http://www.w3.org/2001/XMLSchema-instance" xsi:noNamespaceSchemaLocation="nunit_schema_2.5.xsd" name="Pester" total="18" errors="0" failures="18" not-run="0" inconclusive="0" ignored="0" skipped="0" invalid="0" date="2025-11-17" time="06:14:30">
  <environment os-version="6.11.0-1018-azure" machine-name="runnervmg1sw1" clr-version="8.0.21" user-domain="" nunit-version="2.5.8.0" platform="Linux" cwd="/home/runner/work/UnifiedAIToolbox/UnifiedAIToolbox" user="runner" />
  <culture-info current-culture="" current-uiculture="" />
  <test-suite type="TestFixture" name="Pester" executed="True" result="Failure" success="False" time="1.8125" asserts="0" description="Pester">
    <results>
      <test-suite type="TestFixture" name="/home/runner/work/UnifiedAIToolbox/UnifiedAIToolbox/tests/Schema.Tests.ps1" executed="True" result="Failure" success="False" time="1.8125" asserts="0" description="/home/runner/work/UnifiedAIToolbox/UnifiedAIToolbox/tests/Schema.Tests.ps1">
        <results>
          <test-suite type="TestFixture" name="Prompt schema" executed="True" result="Failure" success="False" time="0.9954" asserts="0" description="Prompt schema">
            <results>
              <test-suite type="ParameterizedTest" name="Prompt schema.parses prompt yaml" executed="True" result="Failure" success="False" time="0.9119" asserts="0" description="parses prompt yaml">
                <results>
                  <test-case description="parses prompt yaml" name="Prompt schema.parses prompt yaml(&quot;/home/runner/work/UnifiedAIToolbox/UnifiedAIToolbox/data/prompts/agent.webrtc.disconnect.1.0.0.prompt.yaml&quot;)" time="0.2203" asserts="0" success="False" result="Failure" executed="True">
                    <failure>
                      <message>Expected no exception to be thrown, but an exception "The module 'PromptLibrary' could not be loaded. For more information, run 'Import-Module PromptLibrary'." was thrown from /home/runner/work/UnifiedAIToolbox/UnifiedAIToolbox/tests/Schema.Tests.ps1:21 char:11
    +         { PromptLibrary\Invoke-PromptYaml -Yaml $yaml } | Should -Not …
    +           ~~~~~~~~~~~~~~~~~~~~~~~~~~~~~~~.</message>
                      <stack-trace>at { PromptLibrary\Invoke-PromptYaml -Yaml $yaml } | Should -Not -Throw, /home/runner/work/UnifiedAIToolbox/UnifiedAIToolbox/tests/Schema.Tests.ps1:21
at &lt;ScriptBlock&gt;, /home/runner/work/UnifiedAIToolbox/UnifiedAIToolbox/tests/Schema.Tests.ps1:21</stack-trace>
                    </failure>
                  </test-case>
                  <test-case description="parses prompt yaml" name="Prompt schema.parses prompt yaml(&quot;/home/runner/work/UnifiedAIToolbox/UnifiedAIToolbox/data/prompts/analytics.divisions.performance.summary.prompt.yaml&quot;)" time="0.0635" asserts="0" success="False" result="Failure" executed="True">
                    <failure>
                      <message>Expected no exception to be thrown, but an exception "The module 'PromptLibrary' could not be loaded. For more information, run 'Import-Module PromptLibrary'." was thrown from /home/runner/work/UnifiedAIToolbox/UnifiedAIToolbox/tests/Schema.Tests.ps1:21 char:11
    +         { PromptLibrary\Invoke-PromptYaml -Yaml $yaml } | Should -Not …
    +           ~~~~~~~~~~~~~~~~~~~~~~~~~~~~~~~.</message>
                      <stack-trace>at { PromptLibrary\Invoke-PromptYaml -Yaml $yaml } | Should -Not -Throw, /home/runner/work/UnifiedAIToolbox/UnifiedAIToolbox/tests/Schema.Tests.ps1:21
at &lt;ScriptBlock&gt;, /home/runner/work/UnifiedAIToolbox/UnifiedAIToolbox/tests/Schema.Tests.ps1:21</stack-trace>
                    </failure>
                  </test-case>
                  <test-case description="parses prompt yaml" name="Prompt schema.parses prompt yaml(&quot;/home/runner/work/UnifiedAIToolbox/UnifiedAIToolbox/data/prompts/comms.meeting.minutes.summarizer.prompt.yaml&quot;)" time="0.0235" asserts="0" success="False" result="Failure" executed="True">
                    <failure>
                      <message>Expected no exception to be thrown, but an exception "The module 'PromptLibrary' could not be loaded. For more information, run 'Import-Module PromptLibrary'." was thrown from /home/runner/work/UnifiedAIToolbox/UnifiedAIToolbox/tests/Schema.Tests.ps1:21 char:11
    +         { PromptLibrary\Invoke-PromptYaml -Yaml $yaml } | Should -Not …
    +           ~~~~~~~~~~~~~~~~~~~~~~~~~~~~~~~.</message>
                      <stack-trace>at { PromptLibrary\Invoke-PromptYaml -Yaml $yaml } | Should -Not -Throw, /home/runner/work/UnifiedAIToolbox/UnifiedAIToolbox/tests/Schema.Tests.ps1:21
at &lt;ScriptBlock&gt;, /home/runner/work/UnifiedAIToolbox/UnifiedAIToolbox/tests/Schema.Tests.ps1:21</stack-trace>
                    </failure>
                  </test-case>
                  <test-case description="parses prompt yaml" name="Prompt schema.parses prompt yaml(&quot;/home/runner/work/UnifiedAIToolbox/UnifiedAIToolbox/data/prompts/divisions.performance.summary.prompt.yaml&quot;)" time="0.0211" asserts="0" success="False" result="Failure" executed="True">
                    <failure>
                      <message>Expected no exception to be thrown, but an exception "The module 'PromptLibrary' could not be loaded. For more information, run 'Import-Module PromptLibrary'." was thrown from /home/runner/work/UnifiedAIToolbox/UnifiedAIToolbox/tests/Schema.Tests.ps1:21 char:11
    +         { PromptLibrary\Invoke-PromptYaml -Yaml $yaml } | Should -Not …
    +           ~~~~~~~~~~~~~~~~~~~~~~~~~~~~~~~.</message>
                      <stack-trace>at { PromptLibrary\Invoke-PromptYaml -Yaml $yaml } | Should -Not -Throw, /home/runner/work/UnifiedAIToolbox/UnifiedAIToolbox/tests/Schema.Tests.ps1:21
at &lt;ScriptBlock&gt;, /home/runner/work/UnifiedAIToolbox/UnifiedAIToolbox/tests/Schema.Tests.ps1:21</stack-trace>
                    </failure>
                  </test-case>
                  <test-case description="parses prompt yaml" name="Prompt schema.parses prompt yaml(&quot;/home/runner/work/UnifiedAIToolbox/UnifiedAIToolbox/data/prompts/engineering.powershell.code.review.prompt.yaml&quot;)" time="0.0284" asserts="0" success="False" result="Failure" executed="True">
                    <failure>
                      <message>Expected no exception to be thrown, but an exception "The module 'PromptLibrary' could not be loaded. For more information, run 'Import-Module PromptLibrary'." was thrown from /home/runner/work/UnifiedAIToolbox/UnifiedAIToolbox/tests/Schema.Tests.ps1:21 char:11
    +         { PromptLibrary\Invoke-PromptYaml -Yaml $yaml } | Should -Not …
    +           ~~~~~~~~~~~~~~~~~~~~~~~~~~~~~~~.</message>
                      <stack-trace>at { PromptLibrary\Invoke-PromptYaml -Yaml $yaml } | Should -Not -Throw, /home/runner/work/UnifiedAIToolbox/UnifiedAIToolbox/tests/Schema.Tests.ps1:21
at &lt;ScriptBlock&gt;, /home/runner/work/UnifiedAIToolbox/UnifiedAIToolbox/tests/Schema.Tests.ps1:21</stack-trace>
                    </failure>
                  </test-case>
                  <test-case description="parses prompt yaml" name="Prompt schema.parses prompt yaml(&quot;/home/runner/work/UnifiedAIToolbox/UnifiedAIToolbox/data/prompts/engineering.sql.query.generator.prompt.yaml&quot;)" time="0.0294" asserts="0" success="False" result="Failure" executed="True">
                    <failure>
                      <message>Expected no exception to be thrown, but an exception "The module 'PromptLibrary' could not be loaded. For more information, run 'Import-Module PromptLibrary'." was thrown from /home/runner/work/UnifiedAIToolbox/UnifiedAIToolbox/tests/Schema.Tests.ps1:21 char:11
    +         { PromptLibrary\Invoke-PromptYaml -Yaml $yaml } | Should -Not …
    +           ~~~~~~~~~~~~~~~~~~~~~~~~~~~~~~~.</message>
                      <stack-trace>at { PromptLibrary\Invoke-PromptYaml -Yaml $yaml } | Should -Not -Throw, /home/runner/work/UnifiedAIToolbox/UnifiedAIToolbox/tests/Schema.Tests.ps1:21
at &lt;ScriptBlock&gt;, /home/runner/work/UnifiedAIToolbox/UnifiedAIToolbox/tests/Schema.Tests.ps1:21</stack-trace>
                    </failure>
                  </test-case>
                  <test-case description="parses prompt yaml" name="Prompt schema.parses prompt yaml(&quot;/home/runner/work/UnifiedAIToolbox/UnifiedAIToolbox/data/prompts/examples.analytics.divisions.performance.summary.prompt.yaml&quot;)" time="0.0297" asserts="0" success="False" result="Failure" executed="True">
                    <failure>
                      <message>Expected no exception to be thrown, but an exception "The module 'PromptLibrary' could not be loaded. For more information, run 'Import-Module PromptLibrary'." was thrown from /home/runner/work/UnifiedAIToolbox/UnifiedAIToolbox/tests/Schema.Tests.ps1:21 char:11
    +         { PromptLibrary\Invoke-PromptYaml -Yaml $yaml } | Should -Not …
    +           ~~~~~~~~~~~~~~~~~~~~~~~~~~~~~~~.</message>
                      <stack-trace>at { PromptLibrary\Invoke-PromptYaml -Yaml $yaml } | Should -Not -Throw, /home/runner/work/UnifiedAIToolbox/UnifiedAIToolbox/tests/Schema.Tests.ps1:21
at &lt;ScriptBlock&gt;, /home/runner/work/UnifiedAIToolbox/UnifiedAIToolbox/tests/Schema.Tests.ps1:21</stack-trace>
                    </failure>
                  </test-case>
                  <test-case description="parses prompt yaml" name="Prompt schema.parses prompt yaml(&quot;/home/runner/work/UnifiedAIToolbox/UnifiedAIToolbox/data/prompts/incident.postmortem.synthesizer.prompt.yaml&quot;)" time="0.0277" asserts="0" success="False" result="Failure" executed="True">
                    <failure>
                      <message>Expected no exception to be thrown, but an exception "The module 'PromptLibrary' could not be loaded. For more information, run 'Import-Module PromptLibrary'." was thrown from /home/runner/work/UnifiedAIToolbox/UnifiedAIToolbox/tests/Schema.Tests.ps1:21 char:11
    +         { PromptLibrary\Invoke-PromptYaml -Yaml $yaml } | Should -Not …
    +           ~~~~~~~~~~~~~~~~~~~~~~~~~~~~~~~.</message>
                      <stack-trace>at { PromptLibrary\Invoke-PromptYaml -Yaml $yaml } | Should -Not -Throw, /home/runner/work/UnifiedAIToolbox/UnifiedAIToolbox/tests/Schema.Tests.ps1:21
at &lt;ScriptBlock&gt;, /home/runner/work/UnifiedAIToolbox/UnifiedAIToolbox/tests/Schema.Tests.ps1:21</stack-trace>
                    </failure>
                  </test-case>
                  <test-case description="parses prompt yaml" name="Prompt schema.parses prompt yaml(&quot;/home/runner/work/UnifiedAIToolbox/UnifiedAIToolbox/data/prompts/legacy.genesys-kpi-brief-1.1.0.0.prompt.yaml&quot;)" time="0.0234" asserts="0" success="False" result="Failure" executed="True">
                    <failure>
                      <message>Expected no exception to be thrown, but an exception "The module 'PromptLibrary' could not be loaded. For more information, run 'Import-Module PromptLibrary'." was thrown from /home/runner/work/UnifiedAIToolbox/UnifiedAIToolbox/tests/Schema.Tests.ps1:21 char:11
    +         { PromptLibrary\Invoke-PromptYaml -Yaml $yaml } | Should -Not …
    +           ~~~~~~~~~~~~~~~~~~~~~~~~~~~~~~~.</message>
                      <stack-trace>at { PromptLibrary\Invoke-PromptYaml -Yaml $yaml } | Should -Not -Throw, /home/runner/work/UnifiedAIToolbox/UnifiedAIToolbox/tests/Schema.Tests.ps1:21
at &lt;ScriptBlock&gt;, /home/runner/work/UnifiedAIToolbox/UnifiedAIToolbox/tests/Schema.Tests.ps1:21</stack-trace>
                    </failure>
                  </test-case>
                  <test-case description="parses prompt yaml" name="Prompt schema.parses prompt yaml(&quot;/home/runner/work/UnifiedAIToolbox/UnifiedAIToolbox/data/prompts/legacy.sys-troubleshoot-1.1.0.0.prompt.yaml&quot;)" time="0.0282" asserts="0" success="False" result="Failure" executed="True">
                    <failure>
                      <message>Expected no exception to be thrown, but an exception "The module 'PromptLibrary' could not be loaded. For more information, run 'Import-Module PromptLibrary'." was thrown from /home/runner/work/UnifiedAIToolbox/UnifiedAIToolbox/tests/Schema.Tests.ps1:21 char:11
    +         { PromptLibrary\Invoke-PromptYaml -Yaml $yaml } | Should -Not …
    +           ~~~~~~~~~~~~~~~~~~~~~~~~~~~~~~~.</message>
                      <stack-trace>at { PromptLibrary\Invoke-PromptYaml -Yaml $yaml } | Should -Not -Throw, /home/runner/work/UnifiedAIToolbox/UnifiedAIToolbox/tests/Schema.Tests.ps1:21
at &lt;ScriptBlock&gt;, /home/runner/work/UnifiedAIToolbox/UnifiedAIToolbox/tests/Schema.Tests.ps1:21</stack-trace>
                    </failure>
                  </test-case>
                  <test-case description="parses prompt yaml" name="Prompt schema.parses prompt yaml(&quot;/home/runner/work/UnifiedAIToolbox/UnifiedAIToolbox/data/prompts/meeting.minutes.summarizer.prompt.yaml&quot;)" time="0.0285" asserts="0" success="False" result="Failure" executed="True">
                    <failure>
                      <message>Expected no exception to be thrown, but an exception "The module 'PromptLibrary' could not be loaded. For more information, run 'Import-Module PromptLibrary'." was thrown from /home/runner/work/UnifiedAIToolbox/UnifiedAIToolbox/tests/Schema.Tests.ps1:21 char:11
    +         { PromptLibrary\Invoke-PromptYaml -Yaml $yaml } | Should -Not …
    +           ~~~~~~~~~~~~~~~~~~~~~~~~~~~~~~~.</message>
                      <stack-trace>at { PromptLibrary\Invoke-PromptYaml -Yaml $yaml } | Should -Not -Throw, /home/runner/work/UnifiedAIToolbox/UnifiedAIToolbox/tests/Schema.Tests.ps1:21
at &lt;ScriptBlock&gt;, /home/runner/work/UnifiedAIToolbox/UnifiedAIToolbox/tests/Schema.Tests.ps1:21</stack-trace>
                    </failure>
                  </test-case>
                  <test-case description="parses prompt yaml" name="Prompt schema.parses prompt yaml(&quot;/home/runner/work/UnifiedAIToolbox/UnifiedAIToolbox/data/prompts/operations.incident.postmortem.synthesizer.prompt.yaml&quot;)" time="0.0256" asserts="0" success="False" result="Failure" executed="True">
                    <failure>
                      <message>Expected no exception to be thrown, but an exception "The module 'PromptLibrary' could not be loaded. For more information, run 'Import-Module PromptLibrary'." was thrown from /home/runner/work/UnifiedAIToolbox/UnifiedAIToolbox/tests/Schema.Tests.ps1:21 char:11
    +         { PromptLibrary\Invoke-PromptYaml -Yaml $yaml } | Should -Not …
    +           ~~~~~~~~~~~~~~~~~~~~~~~~~~~~~~~.</message>
                      <stack-trace>at { PromptLibrary\Invoke-PromptYaml -Yaml $yaml } | Should -Not -Throw, /home/runner/work/UnifiedAIToolbox/UnifiedAIToolbox/tests/Schema.Tests.ps1:21
at &lt;ScriptBlock&gt;, /home/runner/work/UnifiedAIToolbox/UnifiedAIToolbox/tests/Schema.Tests.ps1:21</stack-trace>
                    </failure>
                  </test-case>
                  <test-case description="parses prompt yaml" name="Prompt schema.parses prompt yaml(&quot;/home/runner/work/UnifiedAIToolbox/UnifiedAIToolbox/data/prompts/powershell.code.review.prompt.yaml&quot;)" time="0.0401" asserts="0" success="False" result="Failure" executed="True">
                    <failure>
                      <message>Expected no exception to be thrown, but an exception "The module 'PromptLibrary' could not be loaded. For more information, run 'Import-Module PromptLibrary'." was thrown from /home/runner/work/UnifiedAIToolbox/UnifiedAIToolbox/tests/Schema.Tests.ps1:21 char:11
    +         { PromptLibrary\Invoke-PromptYaml -Yaml $yaml } | Should -Not …
    +           ~~~~~~~~~~~~~~~~~~~~~~~~~~~~~~~.</message>
                      <stack-trace>at { PromptLibrary\Invoke-PromptYaml -Yaml $yaml } | Should -Not -Throw, /home/runner/work/UnifiedAIToolbox/UnifiedAIToolbox/tests/Schema.Tests.ps1:21
at &lt;ScriptBlock&gt;, /home/runner/work/UnifiedAIToolbox/UnifiedAIToolbox/tests/Schema.Tests.ps1:21</stack-trace>
                    </failure>
                  </test-case>
                  <test-case description="parses prompt yaml" name="Prompt schema.parses prompt yaml(&quot;/home/runner/work/UnifiedAIToolbox/UnifiedAIToolbox/data/prompts/sql.query.generator.prompt.yaml&quot;)" time="0.0264" asserts="0" success="False" result="Failure" executed="True">
                    <failure>
                      <message>Expected no exception to be thrown, but an exception "The module 'PromptLibrary' could not be loaded. For more information, run 'Import-Module PromptLibrary'." was thrown from /home/runner/work/UnifiedAIToolbox/UnifiedAIToolbox/tests/Schema.Tests.ps1:21 char:11
    +         { PromptLibrary\Invoke-PromptYaml -Yaml $yaml } | Should -Not …
    +           ~~~~~~~~~~~~~~~~~~~~~~~~~~~~~~~.</message>
                      <stack-trace>at { PromptLibrary\Invoke-PromptYaml -Yaml $yaml } | Should -Not -Throw, /home/runner/work/UnifiedAIToolbox/UnifiedAIToolbox/tests/Schema.Tests.ps1:21
at &lt;ScriptBlock&gt;, /home/runner/work/UnifiedAIToolbox/UnifiedAIToolbox/tests/Schema.Tests.ps1:21</stack-trace>
                    </failure>
                  </test-case>
                  <test-case description="parses prompt yaml" name="Prompt schema.parses prompt yaml(&quot;/home/runner/work/UnifiedAIToolbox/UnifiedAIToolbox/data/prompts/support.webrtc.disconnects.explainer.prompt.yaml&quot;)" time="0.0544" asserts="0" success="False" result="Failure" executed="True">
                    <failure>
                      <message>Expected no exception to be thrown, but an exception "The module 'PromptLibrary' could not be loaded. For more information, run 'Import-Module PromptLibrary'." was thrown from /home/runner/work/UnifiedAIToolbox/UnifiedAIToolbox/tests/Schema.Tests.ps1:21 char:11
    +         { PromptLibrary\Invoke-PromptYaml -Yaml $yaml } | Should -Not …
    +           ~~~~~~~~~~~~~~~~~~~~~~~~~~~~~~~.</message>
                      <stack-trace>at { PromptLibrary\Invoke-PromptYaml -Yaml $yaml } | Should -Not -Throw, /home/runner/work/UnifiedAIToolbox/UnifiedAIToolbox/tests/Schema.Tests.ps1:21
at &lt;ScriptBlock&gt;, /home/runner/work/UnifiedAIToolbox/UnifiedAIToolbox/tests/Schema.Tests.ps1:21</stack-trace>
                    </failure>
                  </test-case>
                  <test-case description="parses prompt yaml" name="Prompt schema.parses prompt yaml(&quot;/home/runner/work/UnifiedAIToolbox/UnifiedAIToolbox/data/prompts/volume.anomaly.summary.1.0.0.prompt.yaml&quot;)" time="0.1018" asserts="0" success="False" result="Failure" executed="True">
                    <failure>
                      <message>Expected no exception to be thrown, but an exception "The module 'PromptLibrary' could not be loaded. For more information, run 'Import-Module PromptLibrary'." was thrown from /home/runner/work/UnifiedAIToolbox/UnifiedAIToolbox/tests/Schema.Tests.ps1:21 char:11
    +         { PromptLibrary\Invoke-PromptYaml -Yaml $yaml } | Should -Not …
    +           ~~~~~~~~~~~~~~~~~~~~~~~~~~~~~~~.</message>
                      <stack-trace>at { PromptLibrary\Invoke-PromptYaml -Yaml $yaml } | Should -Not -Throw, /home/runner/work/UnifiedAIToolbox/UnifiedAIToolbox/tests/Schema.Tests.ps1:21
at &lt;ScriptBlock&gt;, /home/runner/work/UnifiedAIToolbox/UnifiedAIToolbox/tests/Schema.Tests.ps1:21</stack-trace>
                    </failure>
                  </test-case>
                  <test-case description="parses prompt yaml" name="Prompt schema.parses prompt yaml(&quot;/home/runner/work/UnifiedAIToolbox/UnifiedAIToolbox/data/prompts/volume.anomaly.summary.2.0.0.prompt.yaml&quot;)" time="0.059" asserts="0" success="False" result="Failure" executed="True">
                    <failure>
                      <message>Expected no exception to be thrown, but an exception "The module 'PromptLibrary' could not be loaded. For more information, run 'Import-Module PromptLibrary'." was thrown from /home/runner/work/UnifiedAIToolbox/UnifiedAIToolbox/tests/Schema.Tests.ps1:21 char:11
    +         { PromptLibrary\Invoke-PromptYaml -Yaml $yaml } | Should -Not …
    +           ~~~~~~~~~~~~~~~~~~~~~~~~~~~~~~~.</message>
                      <stack-trace>at { PromptLibrary\Invoke-PromptYaml -Yaml $yaml } | Should -Not -Throw, /home/runner/work/UnifiedAIToolbox/UnifiedAIToolbox/tests/Schema.Tests.ps1:21
at &lt;ScriptBlock&gt;, /home/runner/work/UnifiedAIToolbox/UnifiedAIToolbox/tests/Schema.Tests.ps1:21</stack-trace>
                    </failure>
                  </test-case>
                  <test-case description="parses prompt yaml" name="Prompt schema.parses prompt yaml(&quot;/home/runner/work/UnifiedAIToolbox/UnifiedAIToolbox/data/prompts/webrtc.disconnects.explainer.prompt.yaml&quot;)" time="0.0808" asserts="0" success="False" result="Failure" executed="True">
                    <failure>
                      <message>Expected no exception to be thrown, but an exception "The module 'PromptLibrary' could not be loaded. For more information, run 'Import-Module PromptLibrary'." was thrown from /home/runner/work/UnifiedAIToolbox/UnifiedAIToolbox/tests/Schema.Tests.ps1:21 char:11
    +         { PromptLibrary\Invoke-PromptYaml -Yaml $yaml } | Should -Not …
    +           ~~~~~~~~~~~~~~~~~~~~~~~~~~~~~~~.</message>
                      <stack-trace>at { PromptLibrary\Invoke-PromptYaml -Yaml $yaml } | Should -Not -Throw, /home/runner/work/UnifiedAIToolbox/UnifiedAIToolbox/tests/Schema.Tests.ps1:21
at &lt;ScriptBlock&gt;, /home/runner/work/UnifiedAIToolbox/UnifiedAIToolbox/tests/Schema.Tests.ps1:21</stack-trace>
                    </failure>
                  </test-case>
                </results>
              </test-suite>
            </results>
          </test-suite>
        </results>
      </test-suite>
    </results>
  </test-suite>
</test-results>